# JRE version: Java(TM) SE Runtime Environment (8.0_101-b13) (build 1.8.0_101-b13)
# Java VM: Java HotSpot(TM) 64-Bit Server VM (25.101-b13 mixed mode linux-amd64 compressed oops)
Heap:
 PSYoungGen      total 865280K, used 117703K [0x000000076ab00000, 0x00000007a7300000, 0x00000007c0000000)
  eden space 739328K, 0% used [0x000000076ab00000,0x000000076ab00000,0x0000000797d00000)
  from space 125952K, 93% used [0x0000000797d00000,0x000000079eff1d10,0x000000079f800000)
  to   space 115200K, 0% used [0x000000079fb00000,0x000000079fb00000,0x00000007a6b80000)
 ParOldGen       total 368128K, used 367521K [0x00000006c0000000, 0x00000006d6780000, 0x000000076ab00000)
  object space 368128K, 99% used [0x00000006c0000000,0x00000006d66e8600,0x00000006d6780000)
 Metaspace       used 6631K, capacity 7320K, committed 7680K, reserved 1056768K
  class space    used 618K, capacity 656K, committed 768K, reserved 1048576K
GC Heap History (10 events):
Event: 28.418 GC heap after
Heap after GC invocations=11 (full 1):
 PSYoungGen      total 644608K, used 78328K [0x000000076ab00000, 0x000000079b980000, 0x00000007c0000000)
  eden space 566272K, 0% used [0x000000076ab00000,0x000000076ab00000,0x000000078d400000)
  from space 78336K, 99% used [0x0000000793700000,0x000000079837e098,0x0000000798380000)
  to   space 101376K, 0% used [0x000000078d400000,0x000000078d400000,0x0000000793700000)
 ParOldGen       total 136704K, used 126839K [0x00000006c0000000, 0x00000006c8580000, 0x000000076ab00000)
  object space 136704K, 92% used [0x00000006c0000000,0x00000006c7bdde88,0x00000006c8580000)
 Metaspace       used 6599K, capacity 7320K, committed 7680K, reserved 1056768K
  class space    used 616K, capacity 656K, committed 768K, reserved 1048576K
}
Event: 28.418 GC heap before
{Heap before GC invocations=12 (full 2):
 PSYoungGen      total 644608K, used 78328K [0x000000076ab00000, 0x000000079b980000, 0x00000007c0000000)
  eden space 566272K, 0% used [0x000000076ab00000,0x000000076ab00000,0x000000078d400000)
  from space 78336K, 99% used [0x0000000793700000,0x000000079837e098,0x0000000798380000)
  to   space 101376K, 0% used [0x000000078d400000,0x000000078d400000,0x0000000793700000)
 ParOldGen       total 136704K, used 126839K [0x00000006c0000000, 0x00000006c8580000, 0x000000076ab00000)
  object space 136704K, 92% used [0x00000006c0000000,0x00000006c7bdde88,0x00000006c8580000)
 Metaspace       used 6599K, capacity 7320K, committed 7680K, reserved 1056768K
  class space    used 616K, capacity 656K, committed 768K, reserved 1048576K
Event: 30.392 GC heap after
Heap after GC invocations=12 (full 2):
 PSYoungGen      total 644608K, used 61254K [0x000000076ab00000, 0x000000079b980000, 0x00000007c0000000)
  eden space 566272K, 0% used [0x000000076ab00000,0x000000076ab00000,0x000000078d400000)
  from space 78336K, 78% used [0x0000000793700000,0x00000007972d1918,0x0000000798380000)
  to   space 101376K, 0% used [0x000000078d400000,0x000000078d400000,0x0000000793700000)
 ParOldGen       total 227328K, used 136682K [0x00000006c0000000, 0x00000006cde00000, 0x000000076ab00000)
  object space 227328K, 60% used [0x00000006c0000000,0x00000006c857a8d8,0x00000006cde00000)
 Metaspace       used 6599K, capacity 7320K, committed 7680K, reserved 1056768K
  class space    used 616K, capacity 656K, committed 768K, reserved 1048576K
}
Event: 38.664 GC heap before
{Heap before GC invocations=13 (full 2):
 PSYoungGen      total 644608K, used 627526K [0x000000076ab00000, 0x000000079b980000, 0x00000007c0000000)
  eden space 566272K, 100% used [0x000000076ab00000,0x000000078d400000,0x000000078d400000)
  from space 78336K, 78% used [0x0000000793700000,0x00000007972d1918,0x0000000798380000)
  to   space 101376K, 0% used [0x000000078d400000,0x000000078d400000,0x0000000793700000)
 ParOldGen       total 227328K, used 136682K [0x00000006c0000000, 0x00000006cde00000, 0x000000076ab00000)
  object space 227328K, 60% used [0x00000006c0000000,0x00000006c857a8d8,0x00000006cde00000)
 Metaspace       used 6616K, capacity 7320K, committed 7680K, reserved 1056768K
  class space    used 617K, capacity 656K, committed 768K, reserved 1048576K
Event: 41.149 GC heap after
Heap after GC invocations=13 (full 2):
 PSYoungGen      total 667648K, used 89351K [0x000000076ab00000, 0x00000007a6b80000, 0x00000007c0000000)
  eden space 566272K, 0% used [0x000000076ab00000,0x000000076ab00000,0x000000078d400000)
  from space 101376K, 88% used [0x000000078d400000,0x0000000792b41ff8,0x0000000793700000)
  to   space 115200K, 0% used [0x000000079fb00000,0x000000079fb00000,0x00000007a6b80000)
 ParOldGen       total 227328K, used 198312K [0x00000006c0000000, 0x00000006cde00000, 0x000000076ab00000)
  object space 227328K, 87% used [0x00000006c0000000,0x00000006cc1aa1d0,0x00000006cde00000)
 Metaspace       used 6616K, capacity 7320K, committed 7680K, reserved 1056768K
  class space    used 617K, capacity 656K, committed 768K, reserved 1048576K
}
Event: 41.149 GC heap before
{Heap before GC invocations=14 (full 3):
 PSYoungGen      total 667648K, used 89351K [0x000000076ab00000, 0x00000007a6b80000, 0x00000007c0000000)
  eden space 566272K, 0% used [0x000000076ab00000,0x000000076ab00000,0x000000078d400000)
  from space 101376K, 88% used [0x000000078d400000,0x0000000792b41ff8,0x0000000793700000)
  to   space 115200K, 0% used [0x000000079fb00000,0x000000079fb00000,0x00000007a6b80000)
 ParOldGen       total 227328K, used 198312K [0x00000006c0000000, 0x00000006cde00000, 0x000000076ab00000)
  object space 227328K, 87% used [0x00000006c0000000,0x00000006cc1aa1d0,0x00000006cde00000)
 Metaspace       used 6616K, capacity 7320K, committed 7680K, reserved 1056768K
  class space    used 617K, capacity 656K, committed 768K, reserved 1048576K
Event: 43.167 GC heap after
Heap after GC invocations=14 (full 3):
 PSYoungGen      total 667648K, used 57646K [0x000000076ab00000, 0x00000007a6b80000, 0x00000007c0000000)
  eden space 566272K, 0% used [0x000000076ab00000,0x000000076ab00000,0x000000078d400000)
  from space 101376K, 56% used [0x000000078d400000,0x0000000790c4b8d0,0x0000000793700000)
  to   space 115200K, 0% used [0x000000079fb00000,0x000000079fb00000,0x00000007a6b80000)
 ParOldGen       total 351744K, used 226905K [0x00000006c0000000, 0x00000006d5780000, 0x000000076ab00000)
  object space 351744K, 64% used [0x00000006c0000000,0x00000006cdd96508,0x00000006d5780000)
 Metaspace       used 6616K, capacity 7320K, committed 7680K, reserved 1056768K
  class space    used 617K, capacity 656K, committed 768K, reserved 1048576K
}
Event: 48.756 GC heap before
{Heap before GC invocations=15 (full 3):
 PSYoungGen      total 667648K, used 623918K [0x000000076ab00000, 0x00000007a6b80000, 0x00000007c0000000)
  eden space 566272K, 100% used [0x000000076ab00000,0x000000078d400000,0x000000078d400000)
  from space 101376K, 56% used [0x000000078d400000,0x0000000790c4b8d0,0x0000000793700000)
  to   space 115200K, 0% used [0x000000079fb00000,0x000000079fb00000,0x00000007a6b80000)
 ParOldGen       total 351744K, used 226905K [0x00000006c0000000, 0x00000006d5780000, 0x000000076ab00000)
  object space 351744K, 64% used [0x00000006c0000000,0x00000006cdd96508,0x00000006d5780000)
 Metaspace       used 6620K, capacity 7320K, committed 7680K, reserved 1056768K
  class space    used 617K, capacity 656K, committed 768K, reserved 1048576K
Event: 49.817 GC heap after
Heap after GC invocations=15 (full 3):
 PSYoungGen      total 854528K, used 89533K [0x000000076ab00000, 0x00000007a7300000, 0x00000007c0000000)
  eden space 739328K, 0% used [0x000000076ab00000,0x000000076ab00000,0x0000000797d00000)
  from space 115200K, 77% used [0x000000079fb00000,0x00000007a526f658,0x00000007a6b80000)
  to   space 125952K, 0% used [0x0000000797d00000,0x0000000797d00000,0x000000079f800000)
 ParOldGen       total 351744K, used 281260K [0x00000006c0000000, 0x00000006d5780000, 0x000000076ab00000)
  object space 351744K, 79% used [0x00000006c0000000,0x00000006d12ab2b0,0x00000006d5780000)
 Metaspace       used 6620K, capacity 7320K, committed 7680K, reserved 1056768K
  class space    used 617K, capacity 656K, committed 768K, reserved 1048576K
}
Event: 59.966 GC heap before
{Heap before GC invocations=16 (full 3):
 PSYoungGen      total 854528K, used 828861K [0x000000076ab00000, 0x00000007a7300000, 0x00000007c0000000)
  eden space 739328K, 100% used [0x000000076ab00000,0x0000000797d00000,0x0000000797d00000)
  from space 115200K, 77% used [0x000000079fb00000,0x00000007a526f658,0x00000007a6b80000)
  to   space 125952K, 0% used [0x0000000797d00000,0x0000000797d00000,0x000000079f800000)
 ParOldGen       total 351744K, used 281260K [0x00000006c0000000, 0x00000006d5780000, 0x000000076ab00000)
  object space 351744K, 79% used [0x00000006c0000000,0x00000006d12ab2b0,0x00000006d5780000)
 Metaspace       used 6631K, capacity 7320K, committed 7680K, reserved 1056768K
  class space    used 618K, capacity 656K, committed 768K, reserved 1048576K

