# JRE version: Java(TM) SE Runtime Environment (8.0_101-b13) (build 1.8.0_101-b13)
# Java VM: Java HotSpot(TM) 64-Bit Server VM (25.101-b13 mixed mode linux-amd64 compressed oops)
Heap:
 PSYoungGen      total 1132544K, used 0K [0x000000076ab00000, 0x00000007c0000000, 0x00000007c0000000)
  eden space 873472K, 0% used [0x000000076ab00000,0x000000076ab00000,0x00000007a0000000)
  from space 259072K, 0% used [0x00000007b0300000,0x00000007b0300000,0x00000007c0000000)
  to   space 262144K, 0% used [0x00000007a0000000,0x00000007a0000000,0x00000007b0000000)
 ParOldGen       total 816128K, used 769935K [0x00000006c0000000, 0x00000006f1d00000, 0x000000076ab00000)
  object space 816128K, 94% used [0x00000006c0000000,0x00000006eefe3d40,0x00000006f1d00000)
 Metaspace       used 6632K, capacity 7320K, committed 7680K, reserved 1056768K
  class space    used 618K, capacity 656K, committed 768K, reserved 1048576K
GC Heap History (10 events):
Event: 62.368 GC heap after
Heap after GC invocations=17 (full 4):
 PSYoungGen      total 888320K, used 119555K [0x000000076ab00000, 0x00000007bb100000, 0x00000007c0000000)
  eden space 760832K, 0% used [0x000000076ab00000,0x000000076ab00000,0x0000000799200000)
  from space 127488K, 93% used [0x0000000799200000,0x00000007a06c0c68,0x00000007a0e80000)
  to   space 147968K, 0% used [0x00000007b2080000,0x00000007b2080000,0x00000007bb100000)
 ParOldGen       total 546304K, used 372293K [0x00000006c0000000, 0x00000006e1580000, 0x000000076ab00000)
  object space 546304K, 68% used [0x00000006c0000000,0x00000006d6b91408,0x00000006e1580000)
 Metaspace       used 6631K, capacity 7320K, committed 7680K, reserved 1056768K
  class space    used 618K, capacity 656K, committed 768K, reserved 1048576K
}
Event: 67.804 GC heap before
{Heap before GC invocations=18 (full 4):
 PSYoungGen      total 888320K, used 880387K [0x000000076ab00000, 0x00000007bb100000, 0x00000007c0000000)
  eden space 760832K, 100% used [0x000000076ab00000,0x0000000799200000,0x0000000799200000)
  from space 127488K, 93% used [0x0000000799200000,0x00000007a06c0c68,0x00000007a0e80000)
  to   space 147968K, 0% used [0x00000007b2080000,0x00000007b2080000,0x00000007bb100000)
 ParOldGen       total 546304K, used 372293K [0x00000006c0000000, 0x00000006e1580000, 0x000000076ab00000)
  object space 546304K, 68% used [0x00000006c0000000,0x00000006d6b91408,0x00000006e1580000)
 Metaspace       used 6631K, capacity 7320K, committed 7680K, reserved 1056768K
  class space    used 618K, capacity 656K, committed 768K, reserved 1048576K
Event: 72.581 GC heap after
Heap after GC invocations=18 (full 4):
 PSYoungGen      total 1054208K, used 147938K [0x000000076ab00000, 0x00000007c0000000, 0x00000007c0000000)
  eden space 906240K, 0% used [0x000000076ab00000,0x000000076ab00000,0x00000007a2000000)
  from space 147968K, 99% used [0x00000007b2080000,0x00000007bb0f8aa0,0x00000007bb100000)
  to   space 245760K, 0% used [0x00000007a2000000,0x00000007a2000000,0x00000007b1000000)
 ParOldGen       total 568832K, used 568563K [0x00000006c0000000, 0x00000006e2b80000, 0x000000076ab00000)
  object space 568832K, 99% used [0x00000006c0000000,0x00000006e2b3cc08,0x00000006e2b80000)
 Metaspace       used 6631K, capacity 7320K, committed 7680K, reserved 1056768K
  class space    used 618K, capacity 656K, committed 768K, reserved 1048576K
}
Event: 72.581 GC heap before
{Heap before GC invocations=19 (full 5):
 PSYoungGen      total 1054208K, used 147938K [0x000000076ab00000, 0x00000007c0000000, 0x00000007c0000000)
  eden space 906240K, 0% used [0x000000076ab00000,0x000000076ab00000,0x00000007a2000000)
  from space 147968K, 99% used [0x00000007b2080000,0x00000007bb0f8aa0,0x00000007bb100000)
  to   space 245760K, 0% used [0x00000007a2000000,0x00000007a2000000,0x00000007b1000000)
 ParOldGen       total 568832K, used 568563K [0x00000006c0000000, 0x00000006e2b80000, 0x000000076ab00000)
  object space 568832K, 99% used [0x00000006c0000000,0x00000006e2b3cc08,0x00000006e2b80000)
 Metaspace       used 6631K, capacity 7320K, committed 7680K, reserved 1056768K
  class space    used 618K, capacity 656K, committed 768K, reserved 1048576K
Event: 75.908 GC heap after
Heap after GC invocations=19 (full 5):
 PSYoungGen      total 1054208K, used 142342K [0x000000076ab00000, 0x00000007c0000000, 0x00000007c0000000)
  eden space 906240K, 0% used [0x000000076ab00000,0x000000076ab00000,0x00000007a2000000)
  from space 147968K, 96% used [0x00000007b2080000,0x00000007bab81950,0x00000007bb100000)
  to   space 245760K, 0% used [0x00000007a2000000,0x00000007a2000000,0x00000007b1000000)
 ParOldGen       total 816128K, used 568376K [0x00000006c0000000, 0x00000006f1d00000, 0x000000076ab00000)
  object space 816128K, 69% used [0x00000006c0000000,0x00000006e2b0e288,0x00000006f1d00000)
 Metaspace       used 6631K, capacity 7320K, committed 7680K, reserved 1056768K
  class space    used 618K, capacity 656K, committed 768K, reserved 1048576K
}
Event: 82.598 GC heap before
{Heap before GC invocations=20 (full 5):
 PSYoungGen      total 1054208K, used 1048582K [0x000000076ab00000, 0x00000007c0000000, 0x00000007c0000000)
  eden space 906240K, 100% used [0x000000076ab00000,0x00000007a2000000,0x00000007a2000000)
  from space 147968K, 96% used [0x00000007b2080000,0x00000007bab81950,0x00000007bb100000)
  to   space 245760K, 0% used [0x00000007a2000000,0x00000007a2000000,0x00000007b1000000)
 ParOldGen       total 816128K, used 568376K [0x00000006c0000000, 0x00000006f1d00000, 0x000000076ab00000)
  object space 816128K, 69% used [0x00000006c0000000,0x00000006e2b0e288,0x00000006f1d00000)
 Metaspace       used 6631K, capacity 7320K, committed 7680K, reserved 1056768K
  class space    used 618K, capacity 656K, committed 768K, reserved 1048576K
Event: 83.091 GC heap after
Heap after GC invocations=20 (full 5):
 PSYoungGen      total 1068032K, used 161449K [0x000000076ab00000, 0x00000007c0000000, 0x00000007c0000000)
  eden space 906240K, 0% used [0x000000076ab00000,0x000000076ab00000,0x00000007a2000000)
  from space 161792K, 99% used [0x00000007a2000000,0x00000007abdaa530,0x00000007abe00000)
  to   space 259072K, 0% used [0x00000007b0300000,0x00000007b0300000,0x00000007c0000000)
 ParOldGen       total 816128K, used 660098K [0x00000006c0000000, 0x00000006f1d00000, 0x000000076ab00000)
  object space 816128K, 80% used [0x00000006c0000000,0x00000006e84a0800,0x00000006f1d00000)
 Metaspace       used 6631K, capacity 7320K, committed 7680K, reserved 1056768K
  class space    used 618K, capacity 656K, committed 768K, reserved 1048576K
}
Event: 90.358 GC heap before
{Heap before GC invocations=21 (full 5):
 PSYoungGen      total 1068032K, used 1067689K [0x000000076ab00000, 0x00000007c0000000, 0x00000007c0000000)
  eden space 906240K, 100% used [0x000000076ab00000,0x00000007a2000000,0x00000007a2000000)
  from space 161792K, 99% used [0x00000007a2000000,0x00000007abdaa530,0x00000007abe00000)
  to   space 259072K, 0% used [0x00000007b0300000,0x00000007b0300000,0x00000007c0000000)
 ParOldGen       total 816128K, used 660098K [0x00000006c0000000, 0x00000006f1d00000, 0x000000076ab00000)
  object space 816128K, 80% used [0x00000006c0000000,0x00000006e84a0800,0x00000006f1d00000)
 Metaspace       used 6632K, capacity 7320K, committed 7680K, reserved 1056768K
  class space    used 618K, capacity 656K, committed 768K, reserved 1048576K
Event: 98.924 GC heap after
Heap after GC invocations=21 (full 5):
 PSYoungGen      total 1132544K, used 145361K [0x000000076ab00000, 0x00000007c0000000, 0x00000007c0000000)
  eden space 873472K, 0% used [0x000000076ab00000,0x000000076ab00000,0x00000007a0000000)
  from space 259072K, 56% used [0x00000007b0300000,0x00000007b90f4420,0x00000007c0000000)
  to   space 262144K, 0% used [0x00000007a0000000,0x00000007a0000000,0x00000007b0000000)
 ParOldGen       total 816128K, used 743482K [0x00000006c0000000, 0x00000006f1d00000, 0x000000076ab00000)
  object space 816128K, 91% used [0x00000006c0000000,0x00000006ed60e960,0x00000006f1d00000)
 Metaspace       used 6632K, capacity 7320K, committed 7680K, reserved 1056768K
  class space    used 618K, capacity 656K, committed 768K, reserved 1048576K
}
Event: 98.924 GC heap before
{Heap before GC invocations=22 (full 6):
 PSYoungGen      total 1132544K, used 145361K [0x000000076ab00000, 0x00000007c0000000, 0x00000007c0000000)
  eden space 873472K, 0% used [0x000000076ab00000,0x000000076ab00000,0x00000007a0000000)
  from space 259072K, 56% used [0x00000007b0300000,0x00000007b90f4420,0x00000007c0000000)
  to   space 262144K, 0% used [0x00000007a0000000,0x00000007a0000000,0x00000007b0000000)
 ParOldGen       total 816128K, used 743482K [0x00000006c0000000, 0x00000006f1d00000, 0x000000076ab00000)
  object space 816128K, 91% used [0x00000006c0000000,0x00000006ed60e960,0x00000006f1d00000)
 Metaspace       used 6632K, capacity 7320K, committed 7680K, reserved 1056768K
  class space    used 618K, capacity 656K, committed 768K, reserved 1048576K

